<?xml version="1.0" encoding="UTF-8"?>
<testng-results ignored="0" total="2" passed="2" failed="0" skipped="0">
  <reporter-output>
  </reporter-output>
  <suite started-at="2023-12-16T09:45:25 IST" name="Default suite" finished-at="2023-12-16T09:45:35 IST" duration-ms="10383">
    <groups>
    </groups>
    <test started-at="2023-12-16T09:45:25 IST" name="Default test" finished-at="2023-12-16T09:45:35 IST" duration-ms="10383">
      <class name="EaappPkg.EappTestCases">
        <test-method is-config="true" signature="beforeTest()[pri:0, instance:EaappPkg.EappTestCases@66498326]" started-at="2023-12-16T09:45:25 IST" name="beforeTest" finished-at="2023-12-16T09:45:29 IST" duration-ms="4086" status="PASS">
          <reporter-output>
          </reporter-output>
        </test-method> <!-- beforeTest -->
        <test-method signature="LoginUser()[pri:0, instance:EaappPkg.EappTestCases@66498326]" started-at="2023-12-16T09:45:29 IST" name="LoginUser" finished-at="2023-12-16T09:45:29 IST" duration-ms="5" status="PASS">
          <reporter-output>
          </reporter-output>
        </test-method> <!-- LoginUser -->
        <test-method signature="RegisterUser()[pri:0, instance:EaappPkg.EappTestCases@66498326]" started-at="2023-12-16T09:45:29 IST" name="RegisterUser" finished-at="2023-12-16T09:45:35 IST" duration-ms="6210" status="PASS">
          <reporter-output>
          </reporter-output>
        </test-method> <!-- RegisterUser -->
        <test-method is-config="true" signature="afterTest()[pri:0, instance:EaappPkg.EappTestCases@66498326]" started-at="2023-12-16T09:45:35 IST" name="afterTest" finished-at="2023-12-16T09:45:35 IST" duration-ms="1" status="PASS">
          <reporter-output>
          </reporter-output>
        </test-method> <!-- afterTest -->
      </class> <!-- EaappPkg.EappTestCases -->
    </test> <!-- Default test -->
  </suite> <!-- Default suite -->
</testng-results>
